<?xml version="1.0" encoding="UTF-8"?>
<!-- Generated by org.testng.reporters.JUnitReportReporter -->
<testsuite hostname="DESKTOP-QV2KGQ4" failures="0" tests="1" name="tests.TestEditAccount" time="3.131" errors="0" timestamp="2024-11-13T16:52:26 IST" skipped="0">
  <testcase classname="tests.TestEditAccount" name="EditAccount" time="3.131"/>
  <system-out/>
</testsuite> <!-- tests.TestEditAccount -->
