<?xml version="1.0" encoding="UTF-8"?>
<!-- Generated by org.testng.reporters.JUnitReportReporter -->
<testsuite hostname="DESKTOP-QV2KGQ4" failures="0" tests="1" name="tests.TestLoginPage" time="13.789" errors="0" timestamp="2024-11-13T16:52:26 IST" skipped="0">
  <testcase classname="tests.TestLoginPage" name="TestLogin" time="13.789"/>
  <system-out/>
</testsuite> <!-- tests.TestLoginPage -->
